d:\00_diplom\shallowwater\shallowwater2d — копия\shallowwater2d\debug\vc142.pdb
d:\00_diplom\shallowwater\shallowwater2d — копия\shallowwater2d\debug\vc142.idb
d:\00_diplom\shallowwater\shallowwater2d — копия\shallowwater2d\debug\vectors.obj
d:\00_diplom\shallowwater\shallowwater2d — копия\shallowwater2d\debug\solver.obj
d:\00_diplom\shallowwater\shallowwater2d — копия\shallowwater2d\debug\shallowwater2d.obj
d:\0_work\shallowwater2d — копия\shallowwater2d\debug\vc142.pdb
d:\0_work\shallowwater2d — копия\shallowwater2d\debug\vc142.idb
d:\0_work\shallowwater2d — копия\shallowwater2d\debug\vectors.obj
d:\0_work\shallowwater2d — копия\shallowwater2d\debug\solver.obj
d:\0_work\shallowwater2d — копия\shallowwater2d\debug\shallowwater2d.obj
d:\0_work\shallowwater2d — копия\shallowwater2d\debug\computeshadows.obj
d:\0_work\shallowwater2d — копия\shallowwater2d\debug\shadows.obj
d:\00_diplom\shallowwater\shallowwater2d — копия\debug\shallowwater2d.exe
d:\00_diplom\shallowwater\shallowwater2d — копия\shallowwater2d\debug\shallowwater2d.ilk
d:\00_diplom\shallowwater\shallowwater2d — копия\debug\shallowwater2d.pdb
d:\0_work\shallowwater2d — копия\debug\shallowwater2d.exe
d:\0_work\shallowwater2d — копия\shallowwater2d\debug\shallowwater2d.ilk
d:\0_work\shallowwater2d — копия\debug\shallowwater2d.pdb
d:\0_work\shallowwater2d — копия\shallowwater2d\debug\shallowwater2d.tlog\cl.command.1.tlog
d:\0_work\shallowwater2d — копия\shallowwater2d\debug\shallowwater2d.tlog\cl.read.1.tlog
d:\0_work\shallowwater2d — копия\shallowwater2d\debug\shallowwater2d.tlog\cl.write.1.tlog
d:\0_work\shallowwater2d — копия\shallowwater2d\debug\shallowwater2d.tlog\link.command.1.tlog
d:\0_work\shallowwater2d — копия\shallowwater2d\debug\shallowwater2d.tlog\link.read.1.tlog
d:\0_work\shallowwater2d — копия\shallowwater2d\debug\shallowwater2d.tlog\link.write.1.tlog
